This is pdfTeX, Version 3.141592653-2.6-1.40.27 (TeX Live 2025) (preloaded format=latex 2025.3.8)  4 OCT 2025 13:17
entering extended mode
 restricted \write18 enabled.
 %&-line parsing enabled.
**output/Tex/d3c1af651a272204.tex
(./output/Tex/d3c1af651a272204.tex
LaTeX2e <2024-11-01> patch level 2
L3 programming layer <2025-01-18>

! LaTeX Error: File `standalone.cls' not found.

Type X to quit or <RETURN> to proceed,
or enter new name. (Default extension: cls)

Enter file name: 
! Emergency stop.
<read *> 
         
l.2 \usepackage
               [english]{babel}^^M
*** (cannot \read from terminal in nonstop modes)

 
Here is how much of TeX's memory you used:
 20 strings out of 474663
 512 string characters out of 5751136
 388127 words of memory out of 5000000
 23159 multiletter control sequences out of 15000+600000
 558837 words of font info for 36 fonts, out of 8000000 for 9000
 319 hyphenation exceptions out of 8191
 19i,0n,29p,98b,17s stack positions out of 10000i,1000n,20000p,200000b,200000s
No pages of output.
